<?xml version="1.0" encoding="UTF-8"?>
<!-- Generated by org.testng.reporters.JUnitReportReporter -->
<testsuite skipped="0" hostname="LAPTOP-O57V992R" name="com.crm.qa.testcases.XylemSmokeTest" tests="3" failures="0" timestamp="30 Aug 2020 06:33:43 GMT" time="26.496" errors="0">
  <testcase name="loginTest" time="20.828" classname="com.crm.qa.testcases.XylemSmokeTest"/>
  <testcase name="pumpSearchTest" time="4.743" classname="com.crm.qa.testcases.XylemSmokeTest"/>
  <testcase name="languageListTest" time="0.925" classname="com.crm.qa.testcases.XylemSmokeTest"/>
</testsuite> <!-- com.crm.qa.testcases.XylemSmokeTest -->
