<?xml version="1.0" encoding="UTF-8"?>
<!-- Generated by org.testng.reporters.JUnitReportReporter -->
<testsuite skipped="0" hostname="LAPTOP-O57V992R" name="com.xylem.qa.testcases.XylemSmokeTest" tests="3" failures="0" timestamp="30 Aug 2020 06:41:03 GMT" time="24.473" errors="0">
  <testcase name="loginTest" time="20.067" classname="com.xylem.qa.testcases.XylemSmokeTest"/>
  <testcase name="pumpSearchTest" time="3.680" classname="com.xylem.qa.testcases.XylemSmokeTest"/>
  <testcase name="languageListTest" time="0.726" classname="com.xylem.qa.testcases.XylemSmokeTest"/>
</testsuite> <!-- com.xylem.qa.testcases.XylemSmokeTest -->
